Performing C SOURCE FILE Test CMAKE_HAVE_LIBC_PTHREAD failed with the following output:
Change Dir: /home/local1/Simulations/TP_Simulation/build/CMakeFiles/CMakeTmp

Run Build Command(s):/bin/gmake -f Makefile cmTC_4f726/fast && /bin/gmake  -f CMakeFiles/cmTC_4f726.dir/build.make CMakeFiles/cmTC_4f726.dir/build
gmake[1] : on entre dans le répertoire « /home/local1/Simulations/TP_Simulation/build/CMakeFiles/CMakeTmp »
Building C object CMakeFiles/cmTC_4f726.dir/src.c.o
/bin/cc -DCMAKE_HAVE_LIBC_PTHREAD   -o CMakeFiles/cmTC_4f726.dir/src.c.o -c /home/local1/Simulations/TP_Simulation/build/CMakeFiles/CMakeTmp/src.c
Linking C executable cmTC_4f726
/usr/bin/cmake -E cmake_link_script CMakeFiles/cmTC_4f726.dir/link.txt --verbose=1
/bin/cc CMakeFiles/cmTC_4f726.dir/src.c.o -o cmTC_4f726 
CMakeFiles/cmTC_4f726.dir/src.c.o : Dans la fonction « main » :
src.c:(.text+0x2d) : référence indéfinie vers « pthread_create »
src.c:(.text+0x39) : référence indéfinie vers « pthread_detach »
src.c:(.text+0x45) : référence indéfinie vers « pthread_cancel »
src.c:(.text+0x56) : référence indéfinie vers « pthread_join »
collect2: error: ld a retourné le statut de sortie 1
gmake[1]: *** [CMakeFiles/cmTC_4f726.dir/build.make:99: cmTC_4f726] Error 1
gmake[1] : on quitte le répertoire « /home/local1/Simulations/TP_Simulation/build/CMakeFiles/CMakeTmp »
gmake: *** [Makefile:127: cmTC_4f726/fast] Error 2


Source file was:
#include <pthread.h>

static void* test_func(void* data)
{
  return data;
}

int main(void)
{
  pthread_t thread;
  pthread_create(&thread, NULL, test_func, NULL);
  pthread_detach(thread);
  pthread_cancel(thread);
  pthread_join(thread, NULL);
  pthread_atfork(NULL, NULL, NULL);
  pthread_exit(NULL);

  return 0;
}

